<?xml version="1.0" encoding="UTF-8"?>
<robot generator="Robot 3.1.2 (Python 3.9.4 on win32)" generated="20210621 14:35:12.726" rpa="false">
<suite id="s1" name="Awqaf English" source="C:\Users\HAzmy\eclipse\java-2020-12\eclipse\DesiredWorkspaceName\Awqaf_English">
<suite id="s1-s1" name="TCs" source="C:\Users\HAzmy\eclipse\java-2020-12\eclipse\DesiredWorkspaceName\Awqaf_English\TCs">
<suite id="s1-s1-s1" name="Researchers’Inquiries" source="C:\Users\HAzmy\eclipse\java-2020-12\eclipse\DesiredWorkspaceName\Awqaf_English\TCs\Researchers’Inquiries.robot">
<kw name="Navigate_To_Browser" library="CommonKeys" type="setup">
<kw name="Open Browser" library="SeleniumLibrary">
<doc>Opens a new browser instance to the optional ``url``.</doc>
<arguments>
<arg>${URL}</arg>
<arg>Chrome</arg>
</arguments>
<msg timestamp="20210621 14:35:14.900" level="INFO">Opening browser 'Chrome' to base url 'https://www.awqaf.gov.sa/en'.</msg>
<status status="PASS" starttime="20210621 14:35:14.900" endtime="20210621 14:35:19.790"></status>
</kw>
<kw name="Maximize Browser Window" library="SeleniumLibrary">
<doc>Maximizes current browser window.</doc>
<status status="PASS" starttime="20210621 14:35:19.792" endtime="20210621 14:35:19.950"></status>
</kw>
<status status="PASS" starttime="20210621 14:35:14.898" endtime="20210621 14:35:19.951"></status>
</kw>
<test id="s1-s1-s1-t1" name="Submit_Research_Plans">
<kw name="Navigate_To_ResearchesAndStudies">
<kw name="Mouse Over" library="SeleniumLibrary">
<doc>Simulates hovering the mouse over the element ``locator``.</doc>
<arguments>
<arg>${RyadaCenter_Mainover_DDL}</arg>
</arguments>
<msg timestamp="20210621 14:35:19.960" level="INFO">Simulating Mouse Over on element 'id=main-menu-link-content99a3ef24-dbb4-4d7c-8565-1c9eba667654'.</msg>
<status status="PASS" starttime="20210621 14:35:19.958" endtime="20210621 14:35:20.331"></status>
</kw>
<kw name="Sleep" library="BuiltIn">
<doc>Pauses the test executed for the given time.</doc>
<arguments>
<arg>1s</arg>
</arguments>
<msg timestamp="20210621 14:35:21.335" level="INFO">Slept 1 second</msg>
<status status="PASS" starttime="20210621 14:35:20.332" endtime="20210621 14:35:21.336"></status>
</kw>
<kw name="Click Link" library="SeleniumLibrary">
<doc>Clicks a link identified by ``locator``.</doc>
<arguments>
<arg>${RyadaCenter_ResearchesAndStudies_link}</arg>
</arguments>
<msg timestamp="20210621 14:35:21.337" level="INFO">Clicking link 'link=Researches and Studies'.</msg>
<status status="PASS" starttime="20210621 14:35:21.337" endtime="20210621 14:35:22.597"></status>
</kw>
<kw name="Page Should Contain" library="SeleniumLibrary">
<doc>Verifies that current page contains ``text``.</doc>
<arguments>
<arg>Research and Studies</arg>
</arguments>
<msg timestamp="20210621 14:35:22.623" level="INFO">Current page contains text 'Research and Studies'.</msg>
<status status="PASS" starttime="20210621 14:35:22.598" endtime="20210621 14:35:22.623"></status>
</kw>
<kw name="Sleep" library="BuiltIn">
<doc>Pauses the test executed for the given time.</doc>
<arguments>
<arg>5s</arg>
</arguments>
<msg timestamp="20210621 14:35:27.629" level="INFO">Slept 5 seconds</msg>
<status status="PASS" starttime="20210621 14:35:22.623" endtime="20210621 14:35:27.630"></status>
</kw>
<kw name="Click Element" library="SeleniumLibrary">
<doc>Click the element identified by ``locator``.</doc>
<arguments>
<arg>${ResearchesAndStudies_Researchers'Inquiries_Link}</arg>
</arguments>
<msg timestamp="20210621 14:35:27.633" level="INFO">Clicking element 'xpath=//strong[contains(text(),'To support and assist in the researchers’ inquirie')]'.</msg>
<status status="PASS" starttime="20210621 14:35:27.631" endtime="20210621 14:35:29.536"></status>
</kw>
<kw name="Page Should Contain" library="SeleniumLibrary">
<doc>Verifies that current page contains ``text``.</doc>
<arguments>
<arg>Support researchers' inquiries</arg>
</arguments>
<msg timestamp="20210621 14:35:29.579" level="INFO">Current page contains text 'Support researchers' inquiries'.</msg>
<status status="PASS" starttime="20210621 14:35:29.537" endtime="20210621 14:35:29.579"></status>
</kw>
<status status="PASS" starttime="20210621 14:35:19.954" endtime="20210621 14:35:29.580"></status>
</kw>
<kw name="Submit_Initiative">
<kw name="Input Text" library="SeleniumLibrary">
<doc>Types the given ``text`` into the text field identified by ``locator``.</doc>
<arguments>
<arg>${Researchers'Inquiries_Name_Text}</arg>
<arg>Test Automation</arg>
</arguments>
<msg timestamp="20210621 14:35:29.582" level="INFO">Typing text 'Test Automation' into text field 'id=edit-name'.</msg>
<status status="PASS" starttime="20210621 14:35:29.581" endtime="20210621 14:35:29.802"></status>
</kw>
<kw name="Email" library="FakerLibrary">
<assign>
<var>${email}</var>
</assign>
<msg timestamp="20210621 14:35:29.807" level="INFO">${email} = qthomas@farmer.com</msg>
<status status="PASS" starttime="20210621 14:35:29.803" endtime="20210621 14:35:29.807"></status>
</kw>
<kw name="Set Suite Variable" library="BuiltIn">
<doc>Makes a variable available everywhere within the scope of the current suite.</doc>
<arguments>
<arg>${email}</arg>
</arguments>
<msg timestamp="20210621 14:35:29.809" level="INFO">${email} = qthomas@farmer.com</msg>
<status status="PASS" starttime="20210621 14:35:29.808" endtime="20210621 14:35:29.810"></status>
</kw>
<kw name="Input Text" library="SeleniumLibrary">
<doc>Types the given ``text`` into the text field identified by ``locator``.</doc>
<arguments>
<arg>${Researchers'Inquiries_Email_Text}</arg>
<arg>${email}</arg>
</arguments>
<msg timestamp="20210621 14:35:29.812" level="INFO">Typing text 'qthomas@farmer.com' into text field 'id=edit-email'.</msg>
<status status="PASS" starttime="20210621 14:35:29.810" endtime="20210621 14:35:30.014"></status>
</kw>
<kw name="Input Text" library="SeleniumLibrary">
<doc>Types the given ``text`` into the text field identified by ``locator``.</doc>
<arguments>
<arg>${Researchers'Inquiries_Subject_Text}</arg>
<arg>Subject Automation Test</arg>
</arguments>
<msg timestamp="20210621 14:35:30.016" level="INFO">Typing text 'Subject Automation Test' into text field 'id=edit-subject'.</msg>
<status status="PASS" starttime="20210621 14:35:30.016" endtime="20210621 14:35:30.251"></status>
</kw>
<kw name="Input Text" library="SeleniumLibrary">
<doc>Types the given ``text`` into the text field identified by ``locator``.</doc>
<arguments>
<arg>${Researchers'Inquiries_Inquiries_Text}</arg>
<arg>Inquiries Automation Test</arg>
</arguments>
<msg timestamp="20210621 14:35:30.253" level="INFO">Typing text 'Inquiries Automation Test' into text field 'id=edit-inquiries'.</msg>
<status status="PASS" starttime="20210621 14:35:30.252" endtime="20210621 14:35:30.482"></status>
</kw>
<kw name="Choose File" library="SeleniumLibrary">
<doc>Inputs the ``file_path`` into the file input field ``locator``.</doc>
<arguments>
<arg>${Researchers'Inquiries_ResearcherMission_Atatch}</arg>
<arg>${Researchers'Inquiries_File_Path}</arg>
</arguments>
<msg timestamp="20210621 14:35:30.484" level="INFO">Sending C:\Users\HAzmy\Desktop\Services\approval.png to browser.</msg>
<status status="PASS" starttime="20210621 14:35:30.483" endtime="20210621 14:35:30.593"></status>
</kw>
<status status="PASS" starttime="20210621 14:35:29.580" endtime="20210621 14:35:30.594"></status>
</kw>
<status status="PASS" starttime="20210621 14:35:19.952" endtime="20210621 14:35:30.595" critical="yes"></status>
</test>
<status status="PASS" starttime="20210621 14:35:12.896" endtime="20210621 14:35:30.597"></status>
</suite>
<status status="PASS" starttime="20210621 14:35:12.889" endtime="20210621 14:35:30.605"></status>
</suite>
<status status="PASS" starttime="20210621 14:35:12.834" endtime="20210621 14:35:30.608"></status>
</suite>
<statistics>
<total>
<stat pass="1" fail="0">Critical Tests</stat>
<stat pass="1" fail="0">All Tests</stat>
</total>
<tag>
</tag>
<suite>
<stat pass="1" fail="0" id="s1" name="Awqaf English">Awqaf English</stat>
<stat pass="1" fail="0" id="s1-s1" name="TCs">Awqaf English.TCs</stat>
<stat pass="1" fail="0" id="s1-s1-s1" name="Researchers’Inquiries">Awqaf English.TCs.Researchers’Inquiries</stat>
</suite>
</statistics>
<errors>
</errors>
</robot>
